app/build/intermediates/manifest_merge_blame_file/debug/manifest-merger-blame-debug-report.txt
1<?xml version="1.0" encoding="utf-8"?>
2<manifest xmlns:android="http://schemas.android.com/apk/res/android"
3    package="com.tobacco.weight.debug"
4    android:versionCode="1"
5    android:versionName="1.0.0-debug" >
6
7    <uses-sdk
8        android:minSdkVersion="26"
9        android:targetSdkVersion="34" />
10
11    <!-- 网络权限 -->
12    <uses-permission android:name="android.permission.INTERNET" />
12-->src\main\AndroidManifest.xml:6:5-67
12-->src\main\AndroidManifest.xml:6:22-64
13    <uses-permission android:name="android.permission.ACCESS_NETWORK_STATE" />
13-->src\main\AndroidManifest.xml:7:5-79
13-->src\main\AndroidManifest.xml:7:22-76
14
15    <!-- 存储权限 -->
16    <uses-permission android:name="android.permission.READ_EXTERNAL_STORAGE" />
16-->src\main\AndroidManifest.xml:10:5-80
16-->src\main\AndroidManifest.xml:10:22-77
17    <uses-permission android:name="android.permission.WRITE_EXTERNAL_STORAGE" />
17-->src\main\AndroidManifest.xml:11:5-81
17-->src\main\AndroidManifest.xml:11:22-78
18    <uses-permission android:name="android.permission.MANAGE_EXTERNAL_STORAGE" />
18-->src\main\AndroidManifest.xml:12:5-13:40
18-->src\main\AndroidManifest.xml:12:22-79
19
20    <!-- USB设备权限 -->
21    <uses-permission android:name="android.permission.USB_PERMISSION" />
21-->src\main\AndroidManifest.xml:16:5-73
21-->src\main\AndroidManifest.xml:16:22-70
22
23    <!-- 串口权限 -->
24    <uses-permission android:name="android.permission.SERIAL_PORT" />
24-->src\main\AndroidManifest.xml:19:5-70
24-->src\main\AndroidManifest.xml:19:22-67
25    <uses-permission android:name="android.permission.MOUNT_UNMOUNT_FILESYSTEMS" />
25-->src\main\AndroidManifest.xml:20:5-84
25-->src\main\AndroidManifest.xml:20:22-81
26
27    <!-- 设备特性声明 -->
28    <uses-feature
28-->src\main\AndroidManifest.xml:23:5-25:35
29        android:name="android.hardware.usb.host"
29-->src\main\AndroidManifest.xml:24:9-49
30        android:required="true" />
30-->src\main\AndroidManifest.xml:25:9-32
31
32    <queries>
32-->[com.github.dhaval2404:imagepicker:2.1] AndroidManifest.xml:9:5-19:15
33
34        <!-- Query Camera Packages -->
35        <intent>
35-->[com.github.dhaval2404:imagepicker:2.1] AndroidManifest.xml:12:9-14:18
36            <action android:name="android.media.action.IMAGE_CAPTURE" />
36-->[com.github.dhaval2404:imagepicker:2.1] AndroidManifest.xml:13:13-73
36-->[com.github.dhaval2404:imagepicker:2.1] AndroidManifest.xml:13:21-70
37        </intent>
38        <!-- Query Open Document -->
39        <intent>
39-->[com.github.dhaval2404:imagepicker:2.1] AndroidManifest.xml:16:9-18:18
40            <action android:name="android.intent.action.OPEN_DOCUMENT_TREE" />
40-->[com.github.dhaval2404:imagepicker:2.1] AndroidManifest.xml:17:13-79
40-->[com.github.dhaval2404:imagepicker:2.1] AndroidManifest.xml:17:21-76
41        </intent>
42    </queries>
43
44    <permission
44-->[androidx.core:core:1.12.0] AndroidManifest.xml:22:5-24:47
45        android:name="com.tobacco.weight.debug.DYNAMIC_RECEIVER_NOT_EXPORTED_PERMISSION"
45-->[androidx.core:core:1.12.0] AndroidManifest.xml:23:9-81
46        android:protectionLevel="signature" />
46-->[androidx.core:core:1.12.0] AndroidManifest.xml:24:9-44
47
48    <uses-permission android:name="com.tobacco.weight.debug.DYNAMIC_RECEIVER_NOT_EXPORTED_PERMISSION" />
48-->[androidx.core:core:1.12.0] AndroidManifest.xml:26:5-97
48-->[androidx.core:core:1.12.0] AndroidManifest.xml:26:22-94
49    <uses-permission android:name="android.permission.CAMERA" /> <!-- Don't require camera, as this requires a rear camera. This allows it to work on the Nexus 7 -->
49-->[com.journeyapps:zxing-android-embedded:4.3.0] AndroidManifest.xml:22:5-65
49-->[com.journeyapps:zxing-android-embedded:4.3.0] AndroidManifest.xml:22:22-62
50    <uses-feature
50-->[com.journeyapps:zxing-android-embedded:4.3.0] AndroidManifest.xml:25:5-27:36
51        android:name="android.hardware.camera"
51-->[com.journeyapps:zxing-android-embedded:4.3.0] AndroidManifest.xml:26:9-47
52        android:required="false" />
52-->[com.journeyapps:zxing-android-embedded:4.3.0] AndroidManifest.xml:27:9-33
53    <uses-feature
53-->[com.journeyapps:zxing-android-embedded:4.3.0] AndroidManifest.xml:28:5-30:36
54        android:name="android.hardware.camera.front"
54-->[com.journeyapps:zxing-android-embedded:4.3.0] AndroidManifest.xml:29:9-53
55        android:required="false" /> <!-- TODO replace above two with next line after Android 4.2 -->
55-->[com.journeyapps:zxing-android-embedded:4.3.0] AndroidManifest.xml:30:9-33
56    <!-- <uses-feature android:name="android.hardware.camera.any"/> -->
57    <uses-feature
57-->[com.journeyapps:zxing-android-embedded:4.3.0] AndroidManifest.xml:33:5-35:36
58        android:name="android.hardware.camera.autofocus"
58-->[com.journeyapps:zxing-android-embedded:4.3.0] AndroidManifest.xml:34:9-57
59        android:required="false" />
59-->[com.journeyapps:zxing-android-embedded:4.3.0] AndroidManifest.xml:35:9-33
60    <uses-feature
60-->[com.journeyapps:zxing-android-embedded:4.3.0] AndroidManifest.xml:36:5-38:36
61        android:name="android.hardware.camera.flash"
61-->[com.journeyapps:zxing-android-embedded:4.3.0] AndroidManifest.xml:37:9-53
62        android:required="false" />
62-->[com.journeyapps:zxing-android-embedded:4.3.0] AndroidManifest.xml:38:9-33
63    <uses-feature
63-->[com.journeyapps:zxing-android-embedded:4.3.0] AndroidManifest.xml:39:5-41:36
64        android:name="android.hardware.screen.landscape"
64-->[com.journeyapps:zxing-android-embedded:4.3.0] AndroidManifest.xml:40:9-57
65        android:required="false" />
65-->[com.journeyapps:zxing-android-embedded:4.3.0] AndroidManifest.xml:41:9-33
66    <uses-feature
66-->[com.journeyapps:zxing-android-embedded:4.3.0] AndroidManifest.xml:42:5-44:36
67        android:name="android.hardware.wifi"
67-->[com.journeyapps:zxing-android-embedded:4.3.0] AndroidManifest.xml:43:9-45
68        android:required="false" />
68-->[com.journeyapps:zxing-android-embedded:4.3.0] AndroidManifest.xml:44:9-33
69
70    <application
70-->src\main\AndroidManifest.xml:27:5-101:19
71        android:name="com.tobacco.weight.TobaccoApplication"
71-->src\main\AndroidManifest.xml:28:9-43
72        android:allowBackup="true"
72-->src\main\AndroidManifest.xml:29:9-35
73        android:appComponentFactory="androidx.core.app.CoreComponentFactory"
73-->[androidx.core:core:1.12.0] AndroidManifest.xml:28:18-86
74        android:dataExtractionRules="@xml/data_extraction_rules"
74-->src\main\AndroidManifest.xml:30:9-65
75        android:debuggable="true"
76        android:extractNativeLibs="false"
77        android:fullBackupContent="@xml/backup_rules"
77-->src\main\AndroidManifest.xml:31:9-54
78        android:icon="@mipmap/ic_launcher"
78-->src\main\AndroidManifest.xml:32:9-43
79        android:label="@string/app_name"
79-->src\main\AndroidManifest.xml:33:9-41
80        android:roundIcon="@mipmap/ic_launcher"
80-->src\main\AndroidManifest.xml:34:9-48
81        android:supportsRtl="true"
81-->src\main\AndroidManifest.xml:35:9-35
82        android:testOnly="true"
83        android:theme="@style/Theme.TobaccoWeight" >
83-->src\main\AndroidManifest.xml:36:9-51
84
85        <!-- 主活动 -->
86        <activity
86-->src\main\AndroidManifest.xml:40:9-56:20
87            android:name="com.tobacco.weight.ui.main.MainActivity"
87-->src\main\AndroidManifest.xml:41:13-49
88            android:exported="true"
88-->src\main\AndroidManifest.xml:42:13-36
89            android:launchMode="singleTop"
89-->src\main\AndroidManifest.xml:44:13-43
90            android:screenOrientation="landscape"
90-->src\main\AndroidManifest.xml:43:13-50
91            android:theme="@style/Theme.TobaccoWeight.NoActionBar" >
91-->src\main\AndroidManifest.xml:45:13-67
92            <intent-filter>
92-->src\main\AndroidManifest.xml:46:13-49:29
93                <action android:name="android.intent.action.MAIN" />
93-->src\main\AndroidManifest.xml:47:17-69
93-->src\main\AndroidManifest.xml:47:25-66
94
95                <category android:name="android.intent.category.LAUNCHER" />
95-->src\main\AndroidManifest.xml:48:17-77
95-->src\main\AndroidManifest.xml:48:27-74
96            </intent-filter>
97            <intent-filter>
97-->src\main\AndroidManifest.xml:50:13-52:29
98                <action android:name="android.hardware.usb.action.USB_DEVICE_ATTACHED" />
98-->src\main\AndroidManifest.xml:51:17-90
98-->src\main\AndroidManifest.xml:51:25-87
99            </intent-filter>
100
101            <meta-data
101-->src\main\AndroidManifest.xml:53:13-55:57
102                android:name="android.hardware.usb.action.USB_DEVICE_ATTACHED"
102-->src\main\AndroidManifest.xml:54:17-79
103                android:resource="@xml/device_filter" />
103-->src\main\AndroidManifest.xml:55:17-54
104        </activity>
105
106        <!-- 启动画面 -->
107        <activity
107-->src\main\AndroidManifest.xml:59:9-63:65
108            android:name="com.tobacco.weight.ui.splash.SplashActivity"
108-->src\main\AndroidManifest.xml:60:13-53
109            android:exported="false"
109-->src\main\AndroidManifest.xml:61:13-37
110            android:screenOrientation="landscape"
110-->src\main\AndroidManifest.xml:62:13-50
111            android:theme="@style/Theme.TobaccoWeight.Splash" />
111-->src\main\AndroidManifest.xml:63:13-62
112
113        <!-- 设置活动 -->
114        <activity
114-->src\main\AndroidManifest.xml:66:9-70:66
115            android:name="com.tobacco.weight.ui.settings.SettingsActivity"
115-->src\main\AndroidManifest.xml:67:13-57
116            android:exported="false"
116-->src\main\AndroidManifest.xml:68:13-37
117            android:parentActivityName="com.tobacco.weight.ui.main.MainActivity"
117-->src\main\AndroidManifest.xml:70:13-63
118            android:screenOrientation="landscape" />
118-->src\main\AndroidManifest.xml:69:13-50
119
120        <!-- 管理员界面 -->
121        <activity
121-->src\main\AndroidManifest.xml:73:9-77:66
122            android:name="com.tobacco.weight.ui.admin.AdminActivity"
122-->src\main\AndroidManifest.xml:74:13-51
123            android:exported="false"
123-->src\main\AndroidManifest.xml:75:13-37
124            android:parentActivityName="com.tobacco.weight.ui.main.MainActivity"
124-->src\main\AndroidManifest.xml:77:13-63
125            android:screenOrientation="landscape" />
125-->src\main\AndroidManifest.xml:76:13-50
126
127        <!-- 后台服务 -->
128        <service
128-->src\main\AndroidManifest.xml:80:9-83:40
129            android:name="com.tobacco.weight.service.WeightService"
129-->src\main\AndroidManifest.xml:81:13-50
130            android:enabled="true"
130-->src\main\AndroidManifest.xml:82:13-35
131            android:exported="false" />
131-->src\main\AndroidManifest.xml:83:13-37
132        <service
132-->src\main\AndroidManifest.xml:85:9-88:40
133            android:name="com.tobacco.weight.service.PrintService"
133-->src\main\AndroidManifest.xml:86:13-49
134            android:enabled="true"
134-->src\main\AndroidManifest.xml:87:13-35
135            android:exported="false" />
135-->src\main\AndroidManifest.xml:88:13-37
136
137        <!-- 文件提供者 -->
138        <provider
139            android:name="androidx.core.content.FileProvider"
139-->src\main\AndroidManifest.xml:92:13-62
140            android:authorities="com.tobacco.weight.debug.fileprovider"
140-->src\main\AndroidManifest.xml:93:13-64
141            android:exported="false"
141-->src\main\AndroidManifest.xml:94:13-37
142            android:grantUriPermissions="true" >
142-->src\main\AndroidManifest.xml:95:13-47
143            <meta-data
143-->src\main\AndroidManifest.xml:96:13-98:54
144                android:name="android.support.FILE_PROVIDER_PATHS"
144-->src\main\AndroidManifest.xml:97:17-67
145                android:resource="@xml/file_paths" />
145-->src\main\AndroidManifest.xml:98:17-51
146        </provider>
147
148        <activity
148-->[com.github.dhaval2404:imagepicker:2.1] AndroidManifest.xml:22:9-25:68
149            android:name="com.github.dhaval2404.imagepicker.ImagePickerActivity"
149-->[com.github.dhaval2404:imagepicker:2.1] AndroidManifest.xml:23:13-81
150            android:screenOrientation="unspecified"
150-->[com.github.dhaval2404:imagepicker:2.1] AndroidManifest.xml:24:13-52
151            android:theme="@style/Theme.Transparent.ImagePicker" />
151-->[com.github.dhaval2404:imagepicker:2.1] AndroidManifest.xml:25:13-65
152        <activity
152-->[com.github.dhaval2404:imagepicker:2.1] AndroidManifest.xml:26:9-29:72
153            android:name="com.yalantis.ucrop.UCropActivity"
153-->[com.github.dhaval2404:imagepicker:2.1] AndroidManifest.xml:27:13-60
154            android:screenOrientation="portrait"
154-->[com.github.dhaval2404:imagepicker:2.1] AndroidManifest.xml:28:13-49
155            android:theme="@style/Theme.AppCompat.Light.NoActionBar" />
155-->[com.github.dhaval2404:imagepicker:2.1] AndroidManifest.xml:29:13-69
156
157        <provider
157-->[com.github.dhaval2404:imagepicker:2.1] AndroidManifest.xml:31:9-39:20
158            android:name="com.github.dhaval2404.imagepicker.ImagePickerFileProvider"
158-->[com.github.dhaval2404:imagepicker:2.1] AndroidManifest.xml:32:13-85
159            android:authorities="com.tobacco.weight.debug.imagepicker.provider"
159-->[com.github.dhaval2404:imagepicker:2.1] AndroidManifest.xml:33:13-72
160            android:exported="false"
160-->[com.github.dhaval2404:imagepicker:2.1] AndroidManifest.xml:34:13-37
161            android:grantUriPermissions="true" >
161-->[com.github.dhaval2404:imagepicker:2.1] AndroidManifest.xml:35:13-47
162            <meta-data
162-->src\main\AndroidManifest.xml:96:13-98:54
163                android:name="android.support.FILE_PROVIDER_PATHS"
163-->src\main\AndroidManifest.xml:97:17-67
164                android:resource="@xml/image_picker_provider_paths" />
164-->src\main\AndroidManifest.xml:98:17-51
165        </provider>
166        <provider
166-->[androidx.emoji2:emoji2:1.2.0] AndroidManifest.xml:24:9-32:20
167            android:name="androidx.startup.InitializationProvider"
167-->[androidx.emoji2:emoji2:1.2.0] AndroidManifest.xml:25:13-67
168            android:authorities="com.tobacco.weight.debug.androidx-startup"
168-->[androidx.emoji2:emoji2:1.2.0] AndroidManifest.xml:26:13-68
169            android:exported="false" >
169-->[androidx.emoji2:emoji2:1.2.0] AndroidManifest.xml:27:13-37
170            <meta-data
170-->[androidx.emoji2:emoji2:1.2.0] AndroidManifest.xml:29:13-31:52
171                android:name="androidx.emoji2.text.EmojiCompatInitializer"
171-->[androidx.emoji2:emoji2:1.2.0] AndroidManifest.xml:30:17-75
172                android:value="androidx.startup" />
172-->[androidx.emoji2:emoji2:1.2.0] AndroidManifest.xml:31:17-49
173            <meta-data
173-->[androidx.lifecycle:lifecycle-process:2.7.0] AndroidManifest.xml:29:13-31:52
174                android:name="androidx.lifecycle.ProcessLifecycleInitializer"
174-->[androidx.lifecycle:lifecycle-process:2.7.0] AndroidManifest.xml:30:17-78
175                android:value="androidx.startup" />
175-->[androidx.lifecycle:lifecycle-process:2.7.0] AndroidManifest.xml:31:17-49
176            <meta-data
176-->[androidx.profileinstaller:profileinstaller:1.3.0] AndroidManifest.xml:29:13-31:52
177                android:name="androidx.profileinstaller.ProfileInstallerInitializer"
177-->[androidx.profileinstaller:profileinstaller:1.3.0] AndroidManifest.xml:30:17-85
178                android:value="androidx.startup" />
178-->[androidx.profileinstaller:profileinstaller:1.3.0] AndroidManifest.xml:31:17-49
179        </provider>
180
181        <uses-library
181-->[androidx.window:window:1.0.0] AndroidManifest.xml:25:9-27:40
182            android:name="androidx.window.extensions"
182-->[androidx.window:window:1.0.0] AndroidManifest.xml:26:13-54
183            android:required="false" />
183-->[androidx.window:window:1.0.0] AndroidManifest.xml:27:13-37
184        <uses-library
184-->[androidx.window:window:1.0.0] AndroidManifest.xml:28:9-30:40
185            android:name="androidx.window.sidecar"
185-->[androidx.window:window:1.0.0] AndroidManifest.xml:29:13-51
186            android:required="false" />
186-->[androidx.window:window:1.0.0] AndroidManifest.xml:30:13-37
187
188        <service
188-->[androidx.room:room-runtime:2.6.1] AndroidManifest.xml:24:9-28:63
189            android:name="androidx.room.MultiInstanceInvalidationService"
189-->[androidx.room:room-runtime:2.6.1] AndroidManifest.xml:25:13-74
190            android:directBootAware="true"
190-->[androidx.room:room-runtime:2.6.1] AndroidManifest.xml:26:13-43
191            android:exported="false" />
191-->[androidx.room:room-runtime:2.6.1] AndroidManifest.xml:27:13-37
192
193        <activity
193-->[com.journeyapps:zxing-android-embedded:4.3.0] AndroidManifest.xml:47:9-53:63
194            android:name="com.journeyapps.barcodescanner.CaptureActivity"
194-->[com.journeyapps:zxing-android-embedded:4.3.0] AndroidManifest.xml:48:13-74
195            android:clearTaskOnLaunch="true"
195-->[com.journeyapps:zxing-android-embedded:4.3.0] AndroidManifest.xml:49:13-45
196            android:screenOrientation="sensorLandscape"
196-->[com.journeyapps:zxing-android-embedded:4.3.0] AndroidManifest.xml:50:13-56
197            android:stateNotNeeded="true"
197-->[com.journeyapps:zxing-android-embedded:4.3.0] AndroidManifest.xml:51:13-42
198            android:theme="@style/zxing_CaptureTheme"
198-->[com.journeyapps:zxing-android-embedded:4.3.0] AndroidManifest.xml:52:13-54
199            android:windowSoftInputMode="stateAlwaysHidden" />
199-->[com.journeyapps:zxing-android-embedded:4.3.0] AndroidManifest.xml:53:13-60
200
201        <receiver
201-->[androidx.profileinstaller:profileinstaller:1.3.0] AndroidManifest.xml:34:9-52:20
202            android:name="androidx.profileinstaller.ProfileInstallReceiver"
202-->[androidx.profileinstaller:profileinstaller:1.3.0] AndroidManifest.xml:35:13-76
203            android:directBootAware="false"
203-->[androidx.profileinstaller:profileinstaller:1.3.0] AndroidManifest.xml:36:13-44
204            android:enabled="true"
204-->[androidx.profileinstaller:profileinstaller:1.3.0] AndroidManifest.xml:37:13-35
205            android:exported="true"
205-->[androidx.profileinstaller:profileinstaller:1.3.0] AndroidManifest.xml:38:13-36
206            android:permission="android.permission.DUMP" >
206-->[androidx.profileinstaller:profileinstaller:1.3.0] AndroidManifest.xml:39:13-57
207            <intent-filter>
207-->[androidx.profileinstaller:profileinstaller:1.3.0] AndroidManifest.xml:40:13-42:29
208                <action android:name="androidx.profileinstaller.action.INSTALL_PROFILE" />
208-->[androidx.profileinstaller:profileinstaller:1.3.0] AndroidManifest.xml:41:17-91
208-->[androidx.profileinstaller:profileinstaller:1.3.0] AndroidManifest.xml:41:25-88
209            </intent-filter>
210            <intent-filter>
210-->[androidx.profileinstaller:profileinstaller:1.3.0] AndroidManifest.xml:43:13-45:29
211                <action android:name="androidx.profileinstaller.action.SKIP_FILE" />
211-->[androidx.profileinstaller:profileinstaller:1.3.0] AndroidManifest.xml:44:17-85
211-->[androidx.profileinstaller:profileinstaller:1.3.0] AndroidManifest.xml:44:25-82
212            </intent-filter>
213            <intent-filter>
213-->[androidx.profileinstaller:profileinstaller:1.3.0] AndroidManifest.xml:46:13-48:29
214                <action android:name="androidx.profileinstaller.action.SAVE_PROFILE" />
214-->[androidx.profileinstaller:profileinstaller:1.3.0] AndroidManifest.xml:47:17-88
214-->[androidx.profileinstaller:profileinstaller:1.3.0] AndroidManifest.xml:47:25-85
215            </intent-filter>
216            <intent-filter>
216-->[androidx.profileinstaller:profileinstaller:1.3.0] AndroidManifest.xml:49:13-51:29
217                <action android:name="androidx.profileinstaller.action.BENCHMARK_OPERATION" />
217-->[androidx.profileinstaller:profileinstaller:1.3.0] AndroidManifest.xml:50:17-95
217-->[androidx.profileinstaller:profileinstaller:1.3.0] AndroidManifest.xml:50:25-92
218            </intent-filter>
219        </receiver>
220    </application>
221
222</manifest>